0 info it worked if it ends with ok
1 verbose cli [ '/usr/local/bin/node',
1 verbose cli   '/usr/local/bin/npm',
1 verbose cli   'install',
1 verbose cli   'normalize.css' ]
2 info using npm@2.14.3
3 info using node@v4.0.0
4 verbose install initial load of /Users/joshuajardenil/Desktop/Projects/Portfolia/css/package.json
5 verbose readDependencies loading dependencies from /Users/joshuajardenil/Desktop/Projects/Portfolia/css/package.json
6 silly cache add args [ 'normalize.css', null ]
7 verbose cache add spec normalize.css
8 silly cache add parsed spec Result {
8 silly cache add   raw: 'normalize.css',
8 silly cache add   scope: null,
8 silly cache add   name: null,
8 silly cache add   rawSpec: 'normalize.css',
8 silly cache add   spec: '/Users/joshuajardenil/Desktop/Projects/Portfolia/css/normalize.css',
8 silly cache add   type: 'local' }
9 silly addLocalTarball shasum (computed) e58275a588bb631a37a2988145eea231ed23176b
10 verbose addTmpTarball /Users/joshuajardenil/Desktop/Projects/Portfolia/css/normalize.css not in flight; adding
11 verbose addTmpTarball validating metadata from /Users/joshuajardenil/Desktop/Projects/Portfolia/css/normalize.css
12 verbose tar unpack /Users/joshuajardenil/Desktop/Projects/Portfolia/css/normalize.css
13 verbose tar unpacking to /tmp/npm-11930-21e2fd89/unpack-f72724a3af63
14 silly gentlyRm /tmp/npm-11930-21e2fd89/unpack-f72724a3af63 is being purged
15 verbose gentlyRm don't care about contents; nuking /tmp/npm-11930-21e2fd89/unpack-f72724a3af63
16 silly gunzTarPerm modes [ '755', '644' ]
17 error not a package /Users/joshuajardenil/Desktop/Projects/Portfolia/css/normalize.css
18 error addLocal Could not install /Users/joshuajardenil/Desktop/Projects/Portfolia/css/normalize.css
19 verbose stack Error: ENOENT: no such file or directory, open '/tmp/npm-11930-21e2fd89/unpack-f72724a3af63/package.json'
19 verbose stack     at Error (native)
20 verbose cwd /Users/joshuajardenil/Desktop/Projects/Portfolia/css
21 error Darwin 14.0.0
22 error argv "/usr/local/bin/node" "/usr/local/bin/npm" "install" "normalize.css"
23 error node v4.0.0
24 error npm  v2.14.3
25 error path /tmp/npm-11930-21e2fd89/unpack-f72724a3af63/package.json
26 error code ENOENT
27 error errno -2
28 error syscall open
29 error enoent ENOENT: no such file or directory, open '/tmp/npm-11930-21e2fd89/unpack-f72724a3af63/package.json'
29 error enoent This is most likely not a problem with npm itself
29 error enoent and is related to npm not being able to find a file.
30 verbose exit [ -2, true ]
